<?xml version="1.0" encoding="UTF-8"?>
<testsuite xmlns:xsi="http://www.w3.org/2001/XMLSchema-instance" xsi:noNamespaceSchemaLocation="https://maven.apache.org/surefire/maven-surefire-plugin/xsd/surefire-test-report-3.0.xsd" version="3.0" name="by.it_academy.jd2.utils.ApacheCommonsLang3Test" time="0.118" tests="4" errors="0" skipped="0" failures="0">
  <properties>
    <property name="sun.desktop" value="windows"/>
    <property name="awt.toolkit" value="sun.awt.windows.WToolkit"/>
    <property name="java.specification.version" value="11"/>
    <property name="sun.cpu.isalist" value="amd64"/>
    <property name="sun.jnu.encoding" value="Cp1252"/>
    <property name="java.class.path" value="D:\JD2_Enterprise\JD2-78-21-4\target\test-classes;D:\JD2_Enterprise\JD2-78-21-4\target\classes;D:\java\.m2\repositoty\jakarta\servlet\jakarta.servlet-api\5.0.0\jakarta.servlet-api-5.0.0.jar;D:\java\.m2\repositoty\org\apache\commons\commons-lang3\3.11\commons-lang3-3.11.jar;D:\java\.m2\repositoty\org\junit\jupiter\junit-jupiter-api\5.7.1\junit-jupiter-api-5.7.1.jar;D:\java\.m2\repositoty\org\apiguardian\apiguardian-api\1.1.0\apiguardian-api-1.1.0.jar;D:\java\.m2\repositoty\org\opentest4j\opentest4j\1.2.0\opentest4j-1.2.0.jar;D:\java\.m2\repositoty\org\junit\platform\junit-platform-commons\1.7.1\junit-platform-commons-1.7.1.jar;D:\java\.m2\repositoty\org\junit\jupiter\junit-jupiter-params\5.7.1\junit-jupiter-params-5.7.1.jar;D:\java\.m2\repositoty\junit\junit\4.12\junit-4.12.jar;D:\java\.m2\repositoty\org\hamcrest\hamcrest-core\1.3\hamcrest-core-1.3.jar;"/>
    <property name="java.vm.vendor" value="Oracle Corporation"/>
    <property name="sun.arch.data.model" value="64"/>
    <property name="user.variant" value=""/>
    <property name="java.vendor.url" value="http://java.oracle.com/"/>
    <property name="user.timezone" value="Europe/Minsk"/>
    <property name="java.vm.specification.version" value="11"/>
    <property name="os.name" value="Windows 10"/>
    <property name="sun.java.launcher" value="SUN_STANDARD"/>
    <property name="user.country" value="RU"/>
    <property name="sun.boot.library.path" value="D:\Java\jdk-11\bin"/>
    <property name="sun.java.command" value="C:\Users\Olga\AppData\Local\Temp\surefire7946167325363614449\surefirebooter18204538033879501190.jar C:\Users\Olga\AppData\Local\Temp\surefire7946167325363614449 2021-03-17T15-46-47_326-jvmRun1 surefire7620026398645156074tmp surefire_014989097443736678338tmp"/>
    <property name="jdk.debug" value="release"/>
    <property name="surefire.test.class.path" value="D:\JD2_Enterprise\JD2-78-21-4\target\test-classes;D:\JD2_Enterprise\JD2-78-21-4\target\classes;D:\java\.m2\repositoty\jakarta\servlet\jakarta.servlet-api\5.0.0\jakarta.servlet-api-5.0.0.jar;D:\java\.m2\repositoty\org\apache\commons\commons-lang3\3.11\commons-lang3-3.11.jar;D:\java\.m2\repositoty\org\junit\jupiter\junit-jupiter-api\5.7.1\junit-jupiter-api-5.7.1.jar;D:\java\.m2\repositoty\org\apiguardian\apiguardian-api\1.1.0\apiguardian-api-1.1.0.jar;D:\java\.m2\repositoty\org\opentest4j\opentest4j\1.2.0\opentest4j-1.2.0.jar;D:\java\.m2\repositoty\org\junit\platform\junit-platform-commons\1.7.1\junit-platform-commons-1.7.1.jar;D:\java\.m2\repositoty\org\junit\jupiter\junit-jupiter-params\5.7.1\junit-jupiter-params-5.7.1.jar;D:\java\.m2\repositoty\junit\junit\4.12\junit-4.12.jar;D:\java\.m2\repositoty\org\hamcrest\hamcrest-core\1.3\hamcrest-core-1.3.jar;"/>
    <property name="sun.cpu.endian" value="little"/>
    <property name="user.home" value="C:\Users\Olga"/>
    <property name="user.language" value="ru"/>
    <property name="java.specification.vendor" value="Oracle Corporation"/>
    <property name="java.version.date" value="2018-09-25"/>
    <property name="java.home" value="D:\Java\jdk-11"/>
    <property name="file.separator" value="\"/>
    <property name="basedir" value="D:\JD2_Enterprise\JD2-78-21-4"/>
    <property name="java.vm.compressedOopsMode" value="Zero based"/>
    <property name="line.separator" value="&#10;"/>
    <property name="java.specification.name" value="Java Platform API Specification"/>
    <property name="java.vm.specification.vendor" value="Oracle Corporation"/>
    <property name="java.awt.graphicsenv" value="sun.awt.Win32GraphicsEnvironment"/>
    <property name="surefire.real.class.path" value="C:\Users\Olga\AppData\Local\Temp\surefire7946167325363614449\surefirebooter18204538033879501190.jar"/>
    <property name="user.script" value=""/>
    <property name="sun.management.compiler" value="HotSpot 64-Bit Tiered Compilers"/>
    <property name="java.runtime.version" value="11+28"/>
    <property name="user.name" value="Olga"/>
    <property name="path.separator" value=";"/>
    <property name="os.version" value="10.0"/>
    <property name="java.runtime.name" value="OpenJDK Runtime Environment"/>
    <property name="file.encoding" value="Cp1252"/>
    <property name="java.vm.name" value="OpenJDK 64-Bit Server VM"/>
    <property name="java.vendor.version" value="18.9"/>
    <property name="localRepository" value="D:\java\.m2\repositoty"/>
    <property name="java.vendor.url.bug" value="http://bugreport.java.com/bugreport/"/>
    <property name="java.io.tmpdir" value="C:\Users\Olga\AppData\Local\Temp\"/>
    <property name="idea.version" value="2020.3"/>
    <property name="java.version" value="11"/>
    <property name="user.dir" value="D:\JD2_Enterprise\JD2-78-21-4"/>
    <property name="os.arch" value="amd64"/>
    <property name="java.vm.specification.name" value="Java Virtual Machine Specification"/>
    <property name="java.awt.printerjob" value="sun.awt.windows.WPrinterJob"/>
    <property name="sun.os.patch.level" value=""/>
    <property name="java.library.path" value="D:\Java\jdk-11\bin;C:\Windows\Sun\Java\bin;C:\Windows\system32;C:\Windows;C:\Windows\system32;C:\Windows;C:\Windows\System32\Wbem;C:\Windows\System32\WindowsPowerShell\v1.0\;C:\Windows\System32\OpenSSH\;C:\Program Files\Git\cmd;C:\Program Files\MySQL\MySQL Shell 8.0\bin\;C:\Users\Olga\AppData\Local\Microsoft\WindowsApps;D:\java\jdk-11\bin;D:\java\apache-maven-3.6.3\bin;;."/>
    <property name="java.vendor" value="Oracle Corporation"/>
    <property name="java.vm.info" value="mixed mode"/>
    <property name="java.vm.version" value="11+28"/>
    <property name="sun.io.unicode.encoding" value="UnicodeLittle"/>
    <property name="maven.repo.local" value="D:\java\.m2\repositoty"/>
    <property name="java.class.version" value="55.0"/>
  </properties>
  <testcase name="isAllLowerCaseTest(String, boolean)[1]" classname="by.it_academy.jd2.utils.ApacheCommonsLang3Test" time="0.059"/>
  <testcase name="isAllLowerCaseTest(String, boolean)[2]" classname="by.it_academy.jd2.utils.ApacheCommonsLang3Test" time="0"/>
  <testcase name="isAllLowerCaseTest(String, boolean)[3]" classname="by.it_academy.jd2.utils.ApacheCommonsLang3Test" time="0.015"/>
  <testcase name="isAllLowerCaseTest(String, boolean)[4]" classname="by.it_academy.jd2.utils.ApacheCommonsLang3Test" time="0"/>
</testsuite>